[2022-11-30 13:21:33] ReferenceError: callback is not defined
    at Teams._getTags (/Users/lap14631-local/chauduong/08_Source_Codes/uptime-kuma/server/notification-providers/teams.js:49:13)
    at Teams._notificationPayloadFactory (/Users/lap14631-local/chauduong/08_Source_Codes/uptime-kuma/server/notification-providers/teams.js:79:31)
    at Teams.send (/Users/lap14631-local/chauduong/08_Source_Codes/uptime-kuma/server/notification-providers/teams.js:262:34)
    at Notification.send (/Users/lap14631-local/chauduong/08_Source_Codes/uptime-kuma/server/notification.js:128:57)
    at Monitor.sendNotification (/Users/lap14631-local/chauduong/08_Source_Codes/uptime-kuma/server/model/monitor.js:1054:40)
    at async beat (/Users/lap14631-local/chauduong/08_Source_Codes/uptime-kuma/server/model/monitor.js:668:21)
    at async safeBeat (/Users/lap14631-local/chauduong/08_Source_Codes/uptime-kuma/server/model/monitor.js:735:17)
[2022-11-30 13:30:44] ReferenceError: R is not defined
    at Teams._getTags (/Users/lap14631-local/chauduong/08_Source_Codes/uptime-kuma/server/notification-providers/teams.js:43:9)
    at Teams._notificationPayloadFactory (/Users/lap14631-local/chauduong/08_Source_Codes/uptime-kuma/server/notification-providers/teams.js:69:37)
    at Teams.send (/Users/lap14631-local/chauduong/08_Source_Codes/uptime-kuma/server/notification-providers/teams.js:252:34)
    at Notification.send (/Users/lap14631-local/chauduong/08_Source_Codes/uptime-kuma/server/notification.js:128:57)
    at Monitor.sendNotification (/Users/lap14631-local/chauduong/08_Source_Codes/uptime-kuma/server/model/monitor.js:1054:40)
    at async beat (/Users/lap14631-local/chauduong/08_Source_Codes/uptime-kuma/server/model/monitor.js:668:21)
    at async safeBeat (/Users/lap14631-local/chauduong/08_Source_Codes/uptime-kuma/server/model/monitor.js:735:17)
[2022-11-30 13:33:45] Error: Undefined binding(s) detected for keys [0] when compiling RAW query: SELECT mt.*, tag.name, tag.color FROM monitor_tag mt JOIN tag ON mt.tag_id = tag.id WHERE mt.monitor_id = ?
    at Raw.toSQL (/Users/lap14631-local/chauduong/08_Source_Codes/uptime-kuma/node_modules/knex/lib/raw.js:110:13)
    at ensureConnectionCallback (/Users/lap14631-local/chauduong/08_Source_Codes/uptime-kuma/node_modules/knex/lib/execution/internal/ensure-connection-callback.js:4:30)
    at Runner.ensureConnection (/Users/lap14631-local/chauduong/08_Source_Codes/uptime-kuma/node_modules/knex/lib/execution/runner.js:272:20)
    at async Runner.run (/Users/lap14631-local/chauduong/08_Source_Codes/uptime-kuma/node_modules/knex/lib/execution/runner.js:30:19)
    at async RedBeanNode.normalizeRaw (/Users/lap14631-local/chauduong/08_Source_Codes/uptime-kuma/node_modules/redbean-node/dist/redbean-node.js:588:22)
    at async Teams._getTags (/Users/lap14631-local/chauduong/08_Source_Codes/uptime-kuma/server/notification-providers/teams.js:44:16)
    at async Teams._notificationPayloadFactory (/Users/lap14631-local/chauduong/08_Source_Codes/uptime-kuma/server/notification-providers/teams.js:70:26)
